<?xml version="1.0" encoding="UTF-8"?>
<!-- Generated by org.testng.reporters.JUnitReportReporter -->
<testsuite hostname="DESKTOP-K59I2FI" failures="0" tests="2" name="jenkins.practice.PracticeTest" time="0.030" errors="0" timestamp="2022-05-31T11:46:10 IST" skipped="0">
  <testcase classname="jenkins.practice.PracticeTest" name="practice2Test" time="0.014"/>
  <system-out>
    <![CDATA[TestngPractice1---2]]>
  </system-out>
  <testcase classname="jenkins.practice.PracticeTest" name="practice1Test" time="0.016"/>
  <system-out>
    <![CDATA[TestngPractice1---11111]]>
  </system-out>
</testsuite> <!-- jenkins.practice.PracticeTest -->
