<?xml version="1.0" encoding="UTF-8"?>
<!-- Generated by org.testng.reporters.JUnitReportReporter -->
<testsuite hostname="DESKTOP-K59I2FI" failures="0" tests="2" name="jenkins.practice.JenkinsTest" time="0.031" errors="0" timestamp="2022-05-31T11:50:35 IST" skipped="0">
  <testcase classname="jenkins.practice.JenkinsTest" name="practiceTest" time="0.022"/>
  <system-out>
    <![CDATA[pass]]>
  </system-out>
  <testcase classname="jenkins.practice.JenkinsTest" name="practiceTest2" time="0.009"/>
  <system-out>
    <![CDATA[pass1]]>
  </system-out>
</testsuite> <!-- jenkins.practice.JenkinsTest -->
